<?xml version="1.0" encoding="UTF-8"?>
<!-- Generated by org.testng.reporters.JUnitXMLReporter -->
<testsuite hostname="DESKTOP-6QDS2AB" ignored="0" name="Command line test f541b389-9085-4536-9af7-c142debc783d" tests="7" failures="0" timestamp="2020-08-09T01:06:03 IST" time="275.764" errors="0">
  <testcase name="method1" time="27.013" classname="org.testing.Testscripts.TC2"/>
  <testcase name="method2" time="23.578" classname="org.testing.Testscripts.TC3"/>
  <testcase name="method2" time="28.331" classname="org.testing.Testscripts.TC4"/>
  <testcase name="method2" time="30.556" classname="org.testing.Testscripts.TC5"/>
  <testcase name="method2" time="44.421" classname="org.testing.Testscripts.TC6"/>
  <testcase name="method2" time="22.872" classname="org.testing.Testscripts.TC7"/>
  <testcase name="method2" time="23.807" classname="org.testing.Testscripts.TC8"/>
</testsuite> <!-- Command line test f541b389-9085-4536-9af7-c142debc783d -->
